path mismatch [2 links]: ino 2031095 db '/dev/shm/sem.mp3085-0' req '/dev/shm/sem.3jBusE'.
path mismatch [2 links]: ino 2031096 db '/dev/shm/sem.mp3085-1' req '/dev/shm/sem.F7FLu5'.
path mismatch [2 links]: ino 2031098 db '/dev/shm/sem.mp3085-2' req '/dev/shm/sem.90G5ww'.
path mismatch [2 links]: ino 2031099 db '/dev/shm/sem.mp3085-3' req '/dev/shm/sem.sfTrzX'.
path mismatch [2 links]: ino 21917383 db '/home/jpnair/workspace/fsl-community-bsp/build/tmp/work/imx6qsabresd-poky-linux-gnueabi/u-boot-fslc/v2014.10+gitAUTOINC+5fd0b607d0-r0/pkgdata/u-boot-fslc' req '/home/jpnair/workspace/fsl-community-bsp/build/tmp/sysroots/imx6qsabresd/pkgdata/u-boot-fslc'.
path mismatch [2 links]: ino 21917383 db '/home/jpnair/workspace/fsl-community-bsp/build/tmp/work/imx6qsabresd-poky-linux-gnueabi/u-boot-fslc/v2014.10+gitAUTOINC+5fd0b607d0-r0/pkgdata/u-boot-fslc' req '/home/jpnair/workspace/fsl-community-bsp/build/tmp/sysroots/imx6qsabresd/pkgdata/u-boot-fslc'.
path mismatch [2 links]: ino 21917384 db '/home/jpnair/workspace/fsl-community-bsp/build/tmp/work/imx6qsabresd-poky-linux-gnueabi/u-boot-fslc/v2014.10+gitAUTOINC+5fd0b607d0-r0/pkgdata/runtime/u-boot-fslc-dbg' req '/home/jpnair/workspace/fsl-community-bsp/build/tmp/sysroots/imx6qsabresd/pkgdata/runtime/u-boot-fslc-dbg'.
path mismatch [2 links]: ino 21917384 db '/home/jpnair/workspace/fsl-community-bsp/build/tmp/work/imx6qsabresd-poky-linux-gnueabi/u-boot-fslc/v2014.10+gitAUTOINC+5fd0b607d0-r0/pkgdata/runtime/u-boot-fslc-dbg' req '/home/jpnair/workspace/fsl-community-bsp/build/tmp/sysroots/imx6qsabresd/pkgdata/runtime/u-boot-fslc-dbg'.
path mismatch [2 links]: ino 21917387 db '/home/jpnair/workspace/fsl-community-bsp/build/tmp/work/imx6qsabresd-poky-linux-gnueabi/u-boot-fslc/v2014.10+gitAUTOINC+5fd0b607d0-r0/pkgdata/runtime/u-boot-fslc-staticdev' req '/home/jpnair/workspace/fsl-community-bsp/build/tmp/sysroots/imx6qsabresd/pkgdata/runtime/u-boot-fslc-staticdev'.
path mismatch [2 links]: ino 21917387 db '/home/jpnair/workspace/fsl-community-bsp/build/tmp/work/imx6qsabresd-poky-linux-gnueabi/u-boot-fslc/v2014.10+gitAUTOINC+5fd0b607d0-r0/pkgdata/runtime/u-boot-fslc-staticdev' req '/home/jpnair/workspace/fsl-community-bsp/build/tmp/sysroots/imx6qsabresd/pkgdata/runtime/u-boot-fslc-staticdev'.
path mismatch [2 links]: ino 21917388 db '/home/jpnair/workspace/fsl-community-bsp/build/tmp/work/imx6qsabresd-poky-linux-gnueabi/u-boot-fslc/v2014.10+gitAUTOINC+5fd0b607d0-r0/pkgdata/runtime/u-boot-fslc-dev' req '/home/jpnair/workspace/fsl-community-bsp/build/tmp/sysroots/imx6qsabresd/pkgdata/runtime/u-boot-fslc-dev'.
path mismatch [2 links]: ino 21917388 db '/home/jpnair/workspace/fsl-community-bsp/build/tmp/work/imx6qsabresd-poky-linux-gnueabi/u-boot-fslc/v2014.10+gitAUTOINC+5fd0b607d0-r0/pkgdata/runtime/u-boot-fslc-dev' req '/home/jpnair/workspace/fsl-community-bsp/build/tmp/sysroots/imx6qsabresd/pkgdata/runtime/u-boot-fslc-dev'.
path mismatch [2 links]: ino 21917391 db '/home/jpnair/workspace/fsl-community-bsp/build/tmp/work/imx6qsabresd-poky-linux-gnueabi/u-boot-fslc/v2014.10+gitAUTOINC+5fd0b607d0-r0/pkgdata/runtime/u-boot-fslc-doc' req '/home/jpnair/workspace/fsl-community-bsp/build/tmp/sysroots/imx6qsabresd/pkgdata/runtime/u-boot-fslc-doc'.
path mismatch [2 links]: ino 21917391 db '/home/jpnair/workspace/fsl-community-bsp/build/tmp/work/imx6qsabresd-poky-linux-gnueabi/u-boot-fslc/v2014.10+gitAUTOINC+5fd0b607d0-r0/pkgdata/runtime/u-boot-fslc-doc' req '/home/jpnair/workspace/fsl-community-bsp/build/tmp/sysroots/imx6qsabresd/pkgdata/runtime/u-boot-fslc-doc'.
path mismatch [2 links]: ino 21917392 db '/home/jpnair/workspace/fsl-community-bsp/build/tmp/work/imx6qsabresd-poky-linux-gnueabi/u-boot-fslc/v2014.10+gitAUTOINC+5fd0b607d0-r0/pkgdata/runtime/u-boot-fslc-locale' req '/home/jpnair/workspace/fsl-community-bsp/build/tmp/sysroots/imx6qsabresd/pkgdata/runtime/u-boot-fslc-locale'.
path mismatch [2 links]: ino 21917392 db '/home/jpnair/workspace/fsl-community-bsp/build/tmp/work/imx6qsabresd-poky-linux-gnueabi/u-boot-fslc/v2014.10+gitAUTOINC+5fd0b607d0-r0/pkgdata/runtime/u-boot-fslc-locale' req '/home/jpnair/workspace/fsl-community-bsp/build/tmp/sysroots/imx6qsabresd/pkgdata/runtime/u-boot-fslc-locale'.
path mismatch [2 links]: ino 21917393 db '/home/jpnair/workspace/fsl-community-bsp/build/tmp/work/imx6qsabresd-poky-linux-gnueabi/u-boot-fslc/v2014.10+gitAUTOINC+5fd0b607d0-r0/pkgdata/runtime/u-boot-fslc' req '/home/jpnair/workspace/fsl-community-bsp/build/tmp/sysroots/imx6qsabresd/pkgdata/runtime/u-boot-fslc'.
path mismatch [2 links]: ino 21917393 db '/home/jpnair/workspace/fsl-community-bsp/build/tmp/work/imx6qsabresd-poky-linux-gnueabi/u-boot-fslc/v2014.10+gitAUTOINC+5fd0b607d0-r0/pkgdata/runtime/u-boot-fslc' req '/home/jpnair/workspace/fsl-community-bsp/build/tmp/sysroots/imx6qsabresd/pkgdata/runtime/u-boot-fslc'.
path mismatch [2 links]: ino 21917388 db '/home/jpnair/workspace/fsl-community-bsp/build/tmp/work/imx6qsabresd-poky-linux-gnueabi/u-boot-fslc/v2014.10+gitAUTOINC+5fd0b607d0-r0/pkgdata/runtime/u-boot-fslc-dev' req '/home/jpnair/workspace/fsl-community-bsp/build/tmp/sysroots/imx6qsabresd/pkgdata/runtime/u-boot-fslc-dev'.
path mismatch [2 links]: ino 21917388 db '/home/jpnair/workspace/fsl-community-bsp/build/tmp/work/imx6qsabresd-poky-linux-gnueabi/u-boot-fslc/v2014.10+gitAUTOINC+5fd0b607d0-r0/pkgdata/runtime/u-boot-fslc-dev' req '/home/jpnair/workspace/fsl-community-bsp/build/tmp/sysroots/imx6qsabresd/pkgdata/runtime/u-boot-fslc-dev'.
path mismatch [2 links]: ino 21917388 db '/home/jpnair/workspace/fsl-community-bsp/build/tmp/work/imx6qsabresd-poky-linux-gnueabi/u-boot-fslc/v2014.10+gitAUTOINC+5fd0b607d0-r0/pkgdata/runtime/u-boot-fslc-dev' req '/home/jpnair/workspace/fsl-community-bsp/build/tmp/sysroots/imx6qsabresd/pkgdata/runtime/u-boot-fslc-dev'.
path mismatch [2 links]: ino 21917388 db '/home/jpnair/workspace/fsl-community-bsp/build/tmp/work/imx6qsabresd-poky-linux-gnueabi/u-boot-fslc/v2014.10+gitAUTOINC+5fd0b607d0-r0/pkgdata/runtime/u-boot-fslc-dev' req '/home/jpnair/workspace/fsl-community-bsp/build/tmp/sysroots/imx6qsabresd/pkgdata/runtime/u-boot-fslc-dev'.
path mismatch [2 links]: ino 21917393 db '/home/jpnair/workspace/fsl-community-bsp/build/tmp/work/imx6qsabresd-poky-linux-gnueabi/u-boot-fslc/v2014.10+gitAUTOINC+5fd0b607d0-r0/pkgdata/runtime/u-boot-fslc' req '/home/jpnair/workspace/fsl-community-bsp/build/tmp/sysroots/imx6qsabresd/pkgdata/runtime/u-boot-fslc'.
path mismatch [2 links]: ino 21917393 db '/home/jpnair/workspace/fsl-community-bsp/build/tmp/work/imx6qsabresd-poky-linux-gnueabi/u-boot-fslc/v2014.10+gitAUTOINC+5fd0b607d0-r0/pkgdata/runtime/u-boot-fslc' req '/home/jpnair/workspace/fsl-community-bsp/build/tmp/sysroots/imx6qsabresd/pkgdata/runtime/u-boot-fslc'.
path mismatch [2 links]: ino 21917393 db '/home/jpnair/workspace/fsl-community-bsp/build/tmp/work/imx6qsabresd-poky-linux-gnueabi/u-boot-fslc/v2014.10+gitAUTOINC+5fd0b607d0-r0/pkgdata/runtime/u-boot-fslc' req '/home/jpnair/workspace/fsl-community-bsp/build/tmp/sysroots/imx6qsabresd/pkgdata/runtime/u-boot-fslc'.
path mismatch [2 links]: ino 21917393 db '/home/jpnair/workspace/fsl-community-bsp/build/tmp/work/imx6qsabresd-poky-linux-gnueabi/u-boot-fslc/v2014.10+gitAUTOINC+5fd0b607d0-r0/pkgdata/runtime/u-boot-fslc' req '/home/jpnair/workspace/fsl-community-bsp/build/tmp/sysroots/imx6qsabresd/pkgdata/runtime/u-boot-fslc'.
